\BOOKMARK [1][-]{section.1}{\376\377\000I\000n\000t\000r\000o\000d\000u\000c\000t\000i\000o\000n}{}% 1
\BOOKMARK [1][-]{section.2}{\376\377\000S\000i\000m\000u\000l\000a\000t\000i\000n\000g\000\040\000T\000P\000N}{}% 2
\BOOKMARK [2][-]{subsection.2.1}{\376\377\000I\000n\000t\000r\000o\000d\000u\000c\000t\000i\000o\000n\000\040\000t\000o\000\040\000t\000i\000m\000e\000d\000\040\000P\000e\000t\000r\000i\000\040\000n\000e\000t\000s}{section.2}% 3
\BOOKMARK [2][-]{subsection.2.2}{\376\377\000S\000i\000m\000u\000l\000a\000t\000i\000n\000g\000\040\000T\000P\000N\000s}{section.2}% 4
\BOOKMARK [1][-]{section.3}{\376\377\000M\000P\000R\000\040\000m\000o\000d\000e\000l\000s}{}% 5
\BOOKMARK [2][-]{subsection.3.1}{\376\377\000E\000v\000e\000n\000t\000\040\000e\000x\000e\000c\000u\000t\000i\000o\000n\000\040\000c\000o\000n\000s\000t\000r\000a\000i\000n\000t\000s}{section.3}% 6
\BOOKMARK [2][-]{subsection.3.2}{\376\377\000T\000o\000\040\000s\000t\000a\000r\000t\000\040\000f\000i\000r\000i\000n\000g}{section.3}% 7
\BOOKMARK [2][-]{subsection.3.3}{\376\377\000E\000v\000e\000n\000t\000\040\000s\000e\000q\000u\000e\000n\000c\000i\000n\000g\000\040\000c\000o\000n\000s\000t\000r\000a\000i\000n\000t\000s}{section.3}% 8
\BOOKMARK [2][-]{subsection.3.4}{\376\377\000S\000t\000a\000t\000e\000\040\000t\000r\000a\000n\000s\000i\000t\000i\000o\000n\000s}{section.3}% 9
\BOOKMARK [2][-]{subsection.3.5}{\376\377\000O\000b\000j\000e\000c\000t\000i\000v\000e\000\040\000f\000u\000n\000c\000t\000i\000o\000n}{section.3}% 10
\BOOKMARK [1][-]{section.4}{\376\377\000A\000p\000p\000l\000i\000c\000a\000t\000i\000o\000n\000s}{}% 11
\BOOKMARK [2][-]{subsection.4.1}{\376\377\000G\000/\000G\000/\000m\000\040\000q\000u\000e\000u\000e}{section.4}% 12
\BOOKMARK [1][-]{section.5}{\376\377\000I\000n\000t\000r\000o\000d\000u\000c\000t\000i\000o\000n}{}% 13
\BOOKMARK [1][-]{section.6}{\376\377\000M\000P\000R\000\040\000g\000e\000n\000e\000r\000a\000t\000i\000o\000n\000\040\000p\000r\000o\000c\000e\000d\000u\000r\000e}{}% 14
\BOOKMARK [2][-]{subsection.6.1}{\376\377\000E\000v\000e\000n\000t\000-\000s\000c\000h\000e\000d\000u\000l\000i\000n\000g\000\040\000e\000x\000e\000c\000u\000t\000i\000o\000n\000\040\000l\000o\000g\000i\000c\000\040\000o\000f\000\040\000D\000E\000S\000\040}{section.6}% 15
\BOOKMARK [2][-]{subsection.6.2}{\376\377\000A\000s\000s\000u\000m\000p\000t\000i\000o\000n\000s}{section.6}% 16
\BOOKMARK [2][-]{subsection.6.3}{\376\377\000M\000o\000d\000i\000f\000i\000e\000d\000\040\000e\000v\000e\000n\000t\000-\000s\000c\000h\000e\000d\000u\000l\000i\000n\000g\000\040\000e\000x\000e\000c\000u\000t\000i\000o\000n\000\040\000l\000o\000g\000i\000c}{section.6}% 17
\BOOKMARK [2][-]{subsection.6.4}{\376\377\000M\000a\000t\000h\000e\000m\000a\000t\000i\000c\000a\000l\000\040\000p\000r\000o\000g\000r\000a\000m\000m\000i\000n\000g\000\040\000m\000o\000d\000e\000l}{section.6}% 18
\BOOKMARK [3][-]{subsubsection.6.4.1}{\376\377\000E\000v\000e\000n\000t\000\040\000e\000x\000e\000c\000u\000t\000i\000o\000n}{subsection.6.4}% 19
\BOOKMARK [3][-]{subsubsection.6.4.2}{\376\377\000C\000o\000n\000s\000t\000r\000a\000i\000n\000t\000s\000\040\000f\000o\000r\000\040\000s\000c\000h\000e\000d\000u\000l\000i\000n\000g\000\040\000n\000e\000w\000\040\000e\000v\000e\000n\000t\000s}{subsection.6.4}% 20
\BOOKMARK [3][-]{subsubsection.6.4.3}{\376\377\000C\000o\000n\000s\000t\000r\000a\000i\000n\000t\000s\000\040\000f\000o\000r\000\040\000s\000e\000q\000u\000e\000n\000c\000i\000n\000g\000\040\000e\000x\000e\000c\000u\000t\000i\000o\000n\000s}{subsection.6.4}% 21
\BOOKMARK [3][-]{subsubsection.6.4.4}{\376\377\000C\000o\000n\000s\000t\000r\000a\000i\000n\000t\000s\000\040\000f\000o\000r\000\040\000e\000v\000e\000n\000t\000\040\000c\000a\000n\000c\000e\000l\000l\000a\000t\000i\000o\000n}{subsection.6.4}% 22
\BOOKMARK [3][-]{subsubsection.6.4.5}{\376\377\000C\000o\000n\000s\000t\000r\000a\000i\000n\000t\000s\000\040\000f\000o\000r\000\040\000s\000t\000a\000t\000e\000\040\000e\000v\000o\000l\000u\000t\000i\000o\000n}{subsection.6.4}% 23
\BOOKMARK [3][-]{subsubsection.6.4.6}{\376\377\000O\000b\000j\000e\000c\000t\000i\000v\000e\000\040\000f\000u\000n\000c\000t\000i\000o\000n}{subsection.6.4}% 24
\BOOKMARK [1][-]{section.7}{\376\377\000A\000p\000p\000l\000i\000c\000a\000t\000i\000o\000n\000s}{}% 25
\BOOKMARK [2][-]{subsection.7.1}{\376\377\000G\000/\000G\000/\000m\000\040\000q\000u\000e\000u\000e}{section.7}% 26
\BOOKMARK [2][-]{subsection.7.2}{\376\377\000C\000o\000m\000p\000a\000r\000i\000s\000o\000n\000\040\000w\000i\000t\000h\000\040\000S\000c\000h\000r\000u\000n\000b\000e\000n\000\040\000m\000o\000d\000e\000l\000s\000\040\000o\000f\000\040\000G\000/\000G\000/\000m\000\040\000s\000y\000s\000t\000e\000m\000s}{section.7}% 27
\BOOKMARK [2][-]{subsection.7.3}{\376\377\000O\000p\000t\000i\000m\000i\000z\000i\000n\000g\000\040\000s\000e\000r\000v\000e\000r\000\040\000n\000u\000m\000b\000e\000r\000\040\000o\000f\000\040\000G\000/\000G\000/\000m\000\040\000q\000u\000e\000u\000e}{section.7}% 28
\BOOKMARK [2][-]{subsection.7.4}{\376\377\000C\000o\000m\000p\000l\000e\000x\000\040\000c\000a\000s\000e\000:\000\040\000s\000i\000n\000g\000l\000e\000-\000s\000e\000r\000v\000e\000r\000\040\000m\000e\000r\000g\000e}{section.7}% 29
\BOOKMARK [2][-]{subsection.7.5}{\376\377\000G\000/\000G\000/\0001\000\040\000w\000i\000t\000h\000\040\000f\000a\000i\000l\000u\000r\000e}{section.7}% 30
\BOOKMARK [1][-]{section.8}{\376\377\000D\000i\000s\000c\000u\000s\000s\000i\000o\000n}{}% 31
\BOOKMARK [1][-]{section.9}{\376\377\000C\000o\000n\000c\000l\000u\000s\000i\000o\000n}{}% 32
